2023-08-25 12:33:57  INFO    org.springframework.boot.StartupInfoLogger   Starting GrievanceManagementApplication using Java 17.0.7 with PID 21680 (C:\Users\rohit\Music\rohit-rajput-assignment\GrievanceManagement\target\classes started by rohit in C:\Users\rohit\Music\rohit-rajput-assignment\GrievanceManagement) 
2023-08-25 12:33:57  INFO    org.springframework.boot.SpringApplication   No active profile set, falling back to 1 default profile: "default" 
2023-08-25 12:33:57  INFO    org.springframework.data.repository.config.RepositoryConfigurationDelegate   Bootstrapping Spring Data JPA repositories in DEFAULT mode. 
2023-08-25 12:33:57  INFO    org.springframework.data.repository.config.RepositoryConfigurationDelegate   Finished Spring Data repository scanning in 20 ms. Found 4 JPA repository interfaces. 
2023-08-25 12:33:57  INFO    org.springframework.boot.web.embedded.tomcat.TomcatWebServer   Tomcat initialized with port(s): 8080 (http) 
2023-08-25 12:33:57  INFO    org.apache.juli.logging.DirectJDKLog   Initializing ProtocolHandler ["http-nio-8080"] 
2023-08-25 12:33:57  INFO    org.apache.juli.logging.DirectJDKLog   Starting service [Tomcat] 
2023-08-25 12:33:57  INFO    org.apache.juli.logging.DirectJDKLog   Starting Servlet engine: [Apache Tomcat/10.1.11] 
2023-08-25 12:33:57  INFO    org.apache.juli.logging.DirectJDKLog   Initializing Spring embedded WebApplicationContext 
2023-08-25 12:33:57  INFO    org.springframework.boot.web.servlet.context.ServletWebServerApplicationContext   Root WebApplicationContext: initialization completed in 341 ms 
2023-08-25 12:33:57  INFO    org.hibernate.jpa.internal.util.LogHelper   HHH000204: Processing PersistenceUnitInfo [name: default] 
2023-08-25 12:33:57  INFO    org.hibernate.bytecode.internal.BytecodeProviderInitiator   HHH000021: Bytecode provider name : bytebuddy 
2023-08-25 12:33:57  INFO    org.springframework.orm.jpa.persistenceunit.SpringPersistenceUnitInfo   No LoadTimeWeaver setup: ignoring JPA class transformer 
2023-08-25 12:33:57  INFO    com.zaxxer.hikari.HikariDataSource   gms - Starting... 
2023-08-25 12:33:58  INFO    com.zaxxer.hikari.pool.HikariPool   gms - Added connection org.postgresql.jdbc.PgConnection@5757d254 
2023-08-25 12:33:58  INFO    com.zaxxer.hikari.HikariDataSource   gms - Start completed. 
2023-08-25 12:33:58  INFO    org.hibernate.bytecode.internal.BytecodeProviderInitiator   HHH000021: Bytecode provider name : bytebuddy 
2023-08-25 12:33:58  INFO    org.hibernate.engine.transaction.jta.platform.internal.JtaPlatformInitiator   HHH000490: Using JtaPlatform implementation: [org.hibernate.engine.transaction.jta.platform.internal.NoJtaPlatform] 
2023-08-25 12:33:58  INFO    org.springframework.orm.jpa.AbstractEntityManagerFactoryBean   Initialized JPA EntityManagerFactory for persistence unit 'default' 
2023-08-25 12:33:58  WARN    org.springframework.boot.autoconfigure.orm.jpa.JpaBaseConfiguration$JpaWebConfiguration   spring.jpa.open-in-view is enabled by default. Therefore, database queries may be performed during view rendering. Explicitly configure spring.jpa.open-in-view to disable this warning 
2023-08-25 12:33:58  INFO    org.springframework.boot.devtools.autoconfigure.OptionalLiveReloadServer   LiveReload server is running on port 35729 
2023-08-25 12:33:58  INFO    org.apache.juli.logging.DirectJDKLog   Starting ProtocolHandler ["http-nio-8080"] 
2023-08-25 12:33:58  INFO    org.springframework.boot.web.embedded.tomcat.TomcatWebServer   Tomcat started on port(s): 8080 (http) with context path '' 
2023-08-25 12:33:58  INFO    org.springframework.boot.StartupInfoLogger   Started GrievanceManagementApplication in 1.186 seconds (process running for 3542.036) 
2023-08-25 12:33:58  INFO    org.springframework.boot.devtools.autoconfigure.ConditionEvaluationDeltaLoggingListener   Condition evaluation unchanged 
2023-08-25 12:34:13  INFO    org.springframework.boot.admin.SpringApplicationAdminMXBeanRegistrar$SpringApplicationAdmin   Application shutdown requested. 
2023-08-25 12:34:13  INFO    org.apache.juli.logging.DirectJDKLog   Pausing ProtocolHandler ["http-nio-8080"] 
2023-08-25 12:34:13  INFO    org.apache.juli.logging.DirectJDKLog   Stopping service [Tomcat] 
2023-08-25 12:34:13  INFO    org.apache.juli.logging.DirectJDKLog   Stopping ProtocolHandler ["http-nio-8080"] 
2023-08-25 12:34:13  INFO    org.apache.juli.logging.DirectJDKLog   Destroying ProtocolHandler ["http-nio-8080"] 
2023-08-25 12:34:13  INFO    org.springframework.orm.jpa.AbstractEntityManagerFactoryBean   Closing JPA EntityManagerFactory for persistence unit 'default' 
2023-08-25 12:34:13  INFO    com.zaxxer.hikari.HikariDataSource   gms - Shutdown initiated... 
2023-08-25 12:34:13  INFO    com.zaxxer.hikari.HikariDataSource   gms - Shutdown completed. 
2023-08-25 13:09:59  INFO    org.springframework.test.context.support.AnnotationConfigContextLoaderUtils   Could not detect default configuration classes for test class [com.gms.controller.UserControllerTest]: UserControllerTest does not declare any static, non-private, non-final, nested classes annotated with @Configuration. 
2023-08-25 13:10:01  INFO    org.springframework.boot.test.context.SpringBootTestContextBootstrapper   Found @SpringBootConfiguration com.gms.GrievanceManagementApplication for test class com.gms.controller.UserControllerTest 
2023-08-25 13:10:12  INFO    org.hibernate.validator.internal.util.Version   HV000001: Hibernate Validator 8.0.1.Final 
2023-08-25 13:10:13  INFO    org.springframework.boot.StartupInfoLogger   Starting UserControllerTest using Java 17.0.7 with PID 18260 (started by rohit in C:\Users\rohit\Music\rohit-rajput-assignment\GrievanceManagement) 
2023-08-25 13:10:13  INFO    org.springframework.boot.SpringApplication   No active profile set, falling back to 1 default profile: "default" 
2023-08-25 13:10:38  INFO    org.springframework.mock.web.MockServletContext   Initializing Spring TestDispatcherServlet '' 
2023-08-25 13:10:38  INFO    org.springframework.web.servlet.FrameworkServlet   Initializing Servlet '' 
2023-08-25 13:10:38  INFO    org.springframework.web.servlet.FrameworkServlet   Completed initialization in 0 ms 
2023-08-25 13:10:38  INFO    org.springframework.boot.StartupInfoLogger   Started UserControllerTest in 34.361 seconds (process running for 45.395) 
2023-08-25 13:10:41  INFO    com.gms.controller.UserController   request for login 
2023-08-25 13:10:41  INFO    com.gms.controller.UserController   request for login 
2023-08-25 13:10:42  INFO    org.springframework.test.context.support.AnnotationConfigContextLoaderUtils   Could not detect default configuration classes for test class [com.gms.GrievanceManagementApplicationTests]: GrievanceManagementApplicationTests does not declare any static, non-private, non-final, nested classes annotated with @Configuration. 
2023-08-25 13:10:42  INFO    org.springframework.boot.test.context.SpringBootTestContextBootstrapper   Found @SpringBootConfiguration com.gms.GrievanceManagementApplication for test class com.gms.GrievanceManagementApplicationTests 
2023-08-25 13:10:42  INFO    org.springframework.boot.StartupInfoLogger   Starting GrievanceManagementApplicationTests using Java 17.0.7 with PID 18260 (started by rohit in C:\Users\rohit\Music\rohit-rajput-assignment\GrievanceManagement) 
2023-08-25 13:10:42  INFO    org.springframework.boot.SpringApplication   No active profile set, falling back to 1 default profile: "default" 
2023-08-25 13:10:46  INFO    org.springframework.data.repository.config.RepositoryConfigurationDelegate   Bootstrapping Spring Data JPA repositories in DEFAULT mode. 
2023-08-25 13:10:48  INFO    org.springframework.data.repository.config.RepositoryConfigurationDelegate   Finished Spring Data repository scanning in 1437 ms. Found 4 JPA repository interfaces. 
2023-08-25 13:10:52  INFO    org.hibernate.jpa.internal.util.LogHelper   HHH000204: Processing PersistenceUnitInfo [name: default] 
2023-08-25 13:10:52  INFO    org.hibernate.Version   HHH000412: Hibernate ORM core version 6.2.6.Final 
2023-08-25 13:10:52  INFO    org.hibernate.cfg.Environment   HHH000406: Using bytecode reflection optimizer 
2023-08-25 13:10:53  INFO    org.hibernate.bytecode.internal.BytecodeProviderInitiator   HHH000021: Bytecode provider name : bytebuddy 
2023-08-25 13:10:53  INFO    org.springframework.orm.jpa.persistenceunit.SpringPersistenceUnitInfo   No LoadTimeWeaver setup: ignoring JPA class transformer 
2023-08-25 13:10:53  INFO    com.zaxxer.hikari.HikariDataSource   gms - Starting... 
2023-08-25 13:10:54  INFO    com.zaxxer.hikari.pool.HikariPool   gms - Added connection org.postgresql.jdbc.PgConnection@54dd2962 
2023-08-25 13:10:54  INFO    com.zaxxer.hikari.HikariDataSource   gms - Start completed. 
2023-08-25 13:10:55  INFO    org.hibernate.bytecode.internal.BytecodeProviderInitiator   HHH000021: Bytecode provider name : bytebuddy 
2023-08-25 13:10:57  INFO    org.hibernate.engine.transaction.jta.platform.internal.JtaPlatformInitiator   HHH000490: Using JtaPlatform implementation: [org.hibernate.engine.transaction.jta.platform.internal.NoJtaPlatform] 
2023-08-25 13:10:57  INFO    org.springframework.orm.jpa.AbstractEntityManagerFactoryBean   Initialized JPA EntityManagerFactory for persistence unit 'default' 
2023-08-25 13:11:04  WARN    org.springframework.boot.autoconfigure.orm.jpa.JpaBaseConfiguration$JpaWebConfiguration   spring.jpa.open-in-view is enabled by default. Therefore, database queries may be performed during view rendering. Explicitly configure spring.jpa.open-in-view to disable this warning 
2023-08-25 13:11:05  INFO    org.springframework.boot.StartupInfoLogger   Started GrievanceManagementApplicationTests in 22.685 seconds (process running for 72.112) 
2023-08-25 13:11:05  ERROR   com.gms.serviceImpl.UserServiceImpl   bad credential for login 
2023-08-25 13:11:05  INFO    com.gms.serviceImpl.UserServiceImpl   user is present 
2023-08-25 13:11:06  INFO    org.springframework.orm.jpa.AbstractEntityManagerFactoryBean   Closing JPA EntityManagerFactory for persistence unit 'default' 
2023-08-25 13:11:07  INFO    com.zaxxer.hikari.HikariDataSource   gms - Shutdown initiated... 
2023-08-25 13:11:07  INFO    com.zaxxer.hikari.HikariDataSource   gms - Shutdown completed. 
2023-08-25 13:13:54  INFO    org.springframework.test.context.support.AnnotationConfigContextLoaderUtils   Could not detect default configuration classes for test class [com.gms.controller.UserControllerTest]: UserControllerTest does not declare any static, non-private, non-final, nested classes annotated with @Configuration. 
2023-08-25 13:13:56  INFO    org.springframework.boot.test.context.SpringBootTestContextBootstrapper   Found @SpringBootConfiguration com.gms.GrievanceManagementApplication for test class com.gms.controller.UserControllerTest 
2023-08-25 13:14:06  INFO    org.hibernate.validator.internal.util.Version   HV000001: Hibernate Validator 8.0.1.Final 
2023-08-25 13:14:08  INFO    org.springframework.boot.StartupInfoLogger   Starting UserControllerTest using Java 17.0.7 with PID 11492 (started by rohit in C:\Users\rohit\Music\rohit-rajput-assignment\GrievanceManagement) 
2023-08-25 13:14:08  INFO    org.springframework.boot.SpringApplication   No active profile set, falling back to 1 default profile: "default" 
2023-08-25 13:14:32  INFO    org.springframework.mock.web.MockServletContext   Initializing Spring TestDispatcherServlet '' 
2023-08-25 13:14:32  INFO    org.springframework.web.servlet.FrameworkServlet   Initializing Servlet '' 
2023-08-25 13:14:32  INFO    org.springframework.web.servlet.FrameworkServlet   Completed initialization in 16 ms 
2023-08-25 13:14:33  INFO    org.springframework.boot.StartupInfoLogger   Started UserControllerTest in 34.002 seconds (process running for 44.306) 
2023-08-25 13:14:35  INFO    com.gms.controller.UserController   request for login 
2023-08-25 13:14:36  INFO    com.gms.controller.UserController   request for login 
2023-08-25 13:14:36  INFO    org.springframework.test.context.support.AnnotationConfigContextLoaderUtils   Could not detect default configuration classes for test class [com.gms.GrievanceManagementApplicationTests]: GrievanceManagementApplicationTests does not declare any static, non-private, non-final, nested classes annotated with @Configuration. 
2023-08-25 13:14:36  INFO    org.springframework.boot.test.context.SpringBootTestContextBootstrapper   Found @SpringBootConfiguration com.gms.GrievanceManagementApplication for test class com.gms.GrievanceManagementApplicationTests 
2023-08-25 13:14:36  INFO    org.springframework.boot.StartupInfoLogger   Starting GrievanceManagementApplicationTests using Java 17.0.7 with PID 11492 (started by rohit in C:\Users\rohit\Music\rohit-rajput-assignment\GrievanceManagement) 
2023-08-25 13:14:36  INFO    org.springframework.boot.SpringApplication   No active profile set, falling back to 1 default profile: "default" 
2023-08-25 13:14:40  INFO    org.springframework.data.repository.config.RepositoryConfigurationDelegate   Bootstrapping Spring Data JPA repositories in DEFAULT mode. 
2023-08-25 13:14:42  INFO    org.springframework.data.repository.config.RepositoryConfigurationDelegate   Finished Spring Data repository scanning in 1488 ms. Found 4 JPA repository interfaces. 
2023-08-25 13:14:46  INFO    org.hibernate.jpa.internal.util.LogHelper   HHH000204: Processing PersistenceUnitInfo [name: default] 
2023-08-25 13:14:46  INFO    org.hibernate.Version   HHH000412: Hibernate ORM core version 6.2.6.Final 
2023-08-25 13:14:46  INFO    org.hibernate.cfg.Environment   HHH000406: Using bytecode reflection optimizer 
2023-08-25 13:14:47  INFO    org.hibernate.bytecode.internal.BytecodeProviderInitiator   HHH000021: Bytecode provider name : bytebuddy 
2023-08-25 13:14:47  INFO    org.springframework.orm.jpa.persistenceunit.SpringPersistenceUnitInfo   No LoadTimeWeaver setup: ignoring JPA class transformer 
2023-08-25 13:14:47  INFO    com.zaxxer.hikari.HikariDataSource   gms - Starting... 
2023-08-25 13:14:48  INFO    com.zaxxer.hikari.pool.HikariPool   gms - Added connection org.postgresql.jdbc.PgConnection@44cea6bb 
2023-08-25 13:14:48  INFO    com.zaxxer.hikari.HikariDataSource   gms - Start completed. 
2023-08-25 13:14:49  INFO    org.hibernate.bytecode.internal.BytecodeProviderInitiator   HHH000021: Bytecode provider name : bytebuddy 
2023-08-25 13:14:51  INFO    org.hibernate.engine.transaction.jta.platform.internal.JtaPlatformInitiator   HHH000490: Using JtaPlatform implementation: [org.hibernate.engine.transaction.jta.platform.internal.NoJtaPlatform] 
2023-08-25 13:14:51  INFO    org.springframework.orm.jpa.AbstractEntityManagerFactoryBean   Initialized JPA EntityManagerFactory for persistence unit 'default' 
2023-08-25 13:14:58  WARN    org.springframework.boot.autoconfigure.orm.jpa.JpaBaseConfiguration$JpaWebConfiguration   spring.jpa.open-in-view is enabled by default. Therefore, database queries may be performed during view rendering. Explicitly configure spring.jpa.open-in-view to disable this warning 
2023-08-25 13:14:58  INFO    org.springframework.boot.StartupInfoLogger   Started GrievanceManagementApplicationTests in 22.482 seconds (process running for 69.546) 
2023-08-25 13:14:59  ERROR   com.gms.serviceImpl.UserServiceImpl   bad credential for login 
2023-08-25 13:14:59  INFO    com.gms.serviceImpl.UserServiceImpl   user is present 
2023-08-25 13:15:00  INFO    org.springframework.orm.jpa.AbstractEntityManagerFactoryBean   Closing JPA EntityManagerFactory for persistence unit 'default' 
2023-08-25 13:15:00  INFO    com.zaxxer.hikari.HikariDataSource   gms - Shutdown initiated... 
2023-08-25 13:15:00  INFO    com.zaxxer.hikari.HikariDataSource   gms - Shutdown completed. 
2023-08-25 14:52:43  INFO    org.springframework.test.context.support.AnnotationConfigContextLoaderUtils   Could not detect default configuration classes for test class [com.gms.controller.UserControllerTest]: UserControllerTest does not declare any static, non-private, non-final, nested classes annotated with @Configuration. 
2023-08-25 14:52:44  INFO    org.springframework.boot.test.context.SpringBootTestContextBootstrapper   Found @SpringBootConfiguration com.gms.GrievanceManagementApplication for test class com.gms.controller.UserControllerTest 
2023-08-25 14:53:00  INFO    org.hibernate.validator.internal.util.Version   HV000001: Hibernate Validator 8.0.1.Final 
2023-08-25 14:53:04  INFO    org.springframework.boot.StartupInfoLogger   Starting UserControllerTest using Java 17.0.7 with PID 17340 (started by rohit in C:\Users\rohit\Music\rohit-rajput-assignment\GrievanceManagement) 
2023-08-25 14:53:04  INFO    org.springframework.boot.SpringApplication   No active profile set, falling back to 1 default profile: "default" 
2023-08-25 14:59:13  INFO    org.springframework.test.context.support.AnnotationConfigContextLoaderUtils   Could not detect default configuration classes for test class [com.gms.controller.UserControllerTest]: UserControllerTest does not declare any static, non-private, non-final, nested classes annotated with @Configuration. 
2023-08-25 14:59:15  INFO    org.springframework.boot.test.context.SpringBootTestContextBootstrapper   Found @SpringBootConfiguration com.gms.GrievanceManagementApplication for test class com.gms.controller.UserControllerTest 
2023-08-25 14:59:25  INFO    org.hibernate.validator.internal.util.Version   HV000001: Hibernate Validator 8.0.1.Final 
2023-08-25 14:59:27  INFO    org.springframework.boot.StartupInfoLogger   Starting UserControllerTest using Java 17.0.7 with PID 17796 (started by rohit in C:\Users\rohit\Music\rohit-rajput-assignment\GrievanceManagement) 
2023-08-25 14:59:27  INFO    org.springframework.boot.SpringApplication   No active profile set, falling back to 1 default profile: "default" 
2023-08-25 14:59:52  INFO    org.springframework.mock.web.MockServletContext   Initializing Spring TestDispatcherServlet '' 
2023-08-25 14:59:52  INFO    org.springframework.web.servlet.FrameworkServlet   Initializing Servlet '' 
2023-08-25 14:59:52  INFO    org.springframework.web.servlet.FrameworkServlet   Completed initialization in 0 ms 
2023-08-25 14:59:52  INFO    org.springframework.boot.StartupInfoLogger   Started UserControllerTest in 34.818 seconds (process running for 45.749) 
2023-08-25 14:59:56  INFO    com.gms.controller.UserController   request for login 
2023-08-25 14:59:56  INFO    com.gms.controller.UserController   request for login 
2023-08-25 14:59:56  INFO    org.springframework.test.context.support.AnnotationConfigContextLoaderUtils   Could not detect default configuration classes for test class [com.gms.GrievanceManagementApplicationTests]: GrievanceManagementApplicationTests does not declare any static, non-private, non-final, nested classes annotated with @Configuration. 
2023-08-25 14:59:56  INFO    org.springframework.boot.test.context.SpringBootTestContextBootstrapper   Found @SpringBootConfiguration com.gms.GrievanceManagementApplication for test class com.gms.GrievanceManagementApplicationTests 
2023-08-25 14:59:56  INFO    org.springframework.boot.StartupInfoLogger   Starting GrievanceManagementApplicationTests using Java 17.0.7 with PID 17796 (started by rohit in C:\Users\rohit\Music\rohit-rajput-assignment\GrievanceManagement) 
2023-08-25 14:59:56  INFO    org.springframework.boot.SpringApplication   No active profile set, falling back to 1 default profile: "default" 
2023-08-25 15:00:02  INFO    org.springframework.data.repository.config.RepositoryConfigurationDelegate   Bootstrapping Spring Data JPA repositories in DEFAULT mode. 
2023-08-25 15:00:03  INFO    org.springframework.data.repository.config.RepositoryConfigurationDelegate   Finished Spring Data repository scanning in 1445 ms. Found 4 JPA repository interfaces. 
2023-08-25 15:00:08  INFO    org.hibernate.jpa.internal.util.LogHelper   HHH000204: Processing PersistenceUnitInfo [name: default] 
2023-08-25 15:00:08  INFO    org.hibernate.Version   HHH000412: Hibernate ORM core version 6.2.6.Final 
2023-08-25 15:00:08  INFO    org.hibernate.cfg.Environment   HHH000406: Using bytecode reflection optimizer 
2023-08-25 15:00:09  INFO    org.hibernate.bytecode.internal.BytecodeProviderInitiator   HHH000021: Bytecode provider name : bytebuddy 
2023-08-25 15:00:09  INFO    org.springframework.orm.jpa.persistenceunit.SpringPersistenceUnitInfo   No LoadTimeWeaver setup: ignoring JPA class transformer 
2023-08-25 15:00:09  INFO    com.zaxxer.hikari.HikariDataSource   gms - Starting... 
2023-08-25 15:00:10  INFO    com.zaxxer.hikari.pool.HikariPool   gms - Added connection org.postgresql.jdbc.PgConnection@479875b1 
2023-08-25 15:00:10  INFO    com.zaxxer.hikari.HikariDataSource   gms - Start completed. 
2023-08-25 15:00:11  INFO    org.hibernate.bytecode.internal.BytecodeProviderInitiator   HHH000021: Bytecode provider name : bytebuddy 
2023-08-25 15:00:13  INFO    org.hibernate.engine.transaction.jta.platform.internal.JtaPlatformInitiator   HHH000490: Using JtaPlatform implementation: [org.hibernate.engine.transaction.jta.platform.internal.NoJtaPlatform] 
2023-08-25 15:00:13  INFO    org.springframework.orm.jpa.AbstractEntityManagerFactoryBean   Initialized JPA EntityManagerFactory for persistence unit 'default' 
2023-08-25 15:00:18  WARN    org.springframework.boot.autoconfigure.orm.jpa.JpaBaseConfiguration$JpaWebConfiguration   spring.jpa.open-in-view is enabled by default. Therefore, database queries may be performed during view rendering. Explicitly configure spring.jpa.open-in-view to disable this warning 
2023-08-25 15:00:20  INFO    org.springframework.boot.StartupInfoLogger   Started GrievanceManagementApplicationTests in 23.806 seconds (process running for 73.798) 
2023-08-25 15:00:21  ERROR   com.gms.serviceImpl.UserServiceImpl   bad credential for login 
2023-08-25 15:00:21  INFO    com.gms.serviceImpl.UserServiceImpl   user is present 
2023-08-25 15:00:22  INFO    org.springframework.orm.jpa.AbstractEntityManagerFactoryBean   Closing JPA EntityManagerFactory for persistence unit 'default' 
2023-08-25 15:00:22  INFO    com.zaxxer.hikari.HikariDataSource   gms - Shutdown initiated... 
2023-08-25 15:00:22  INFO    com.zaxxer.hikari.HikariDataSource   gms - Shutdown completed. 
2023-08-25 15:35:34  INFO    org.springframework.test.context.support.AnnotationConfigContextLoaderUtils   Could not detect default configuration classes for test class [com.gms.controller.UserControllerTest]: UserControllerTest does not declare any static, non-private, non-final, nested classes annotated with @Configuration. 
2023-08-25 15:35:35  INFO    org.springframework.boot.test.context.SpringBootTestContextBootstrapper   Found @SpringBootConfiguration com.gms.GrievanceManagementApplication for test class com.gms.controller.UserControllerTest 
2023-08-25 15:35:35  INFO    org.hibernate.validator.internal.util.Version   HV000001: Hibernate Validator 8.0.1.Final 
2023-08-25 15:35:35  INFO    org.springframework.boot.StartupInfoLogger   Starting UserControllerTest using Java 17.0.7 with PID 17036 (started by rohit in C:\Users\rohit\Music\rohit-rajput-assignment\GrievanceManagement) 
2023-08-25 15:35:35  INFO    org.springframework.boot.SpringApplication   No active profile set, falling back to 1 default profile: "default" 
2023-08-25 15:35:37  INFO    org.springframework.mock.web.MockServletContext   Initializing Spring TestDispatcherServlet '' 
2023-08-25 15:35:37  INFO    org.springframework.web.servlet.FrameworkServlet   Initializing Servlet '' 
2023-08-25 15:35:37  INFO    org.springframework.web.servlet.FrameworkServlet   Completed initialization in 1 ms 
2023-08-25 15:35:37  INFO    org.springframework.boot.StartupInfoLogger   Started UserControllerTest in 2.127 seconds (process running for 5.752) 
2023-08-25 15:35:37  INFO    com.gms.controller.UserController   request for login 
2023-08-25 16:27:36  INFO    org.springframework.test.context.support.AnnotationConfigContextLoaderUtils   Could not detect default configuration classes for test class [com.gms.controller.UserControllerTest]: UserControllerTest does not declare any static, non-private, non-final, nested classes annotated with @Configuration. 
2023-08-25 16:27:38  INFO    org.springframework.boot.test.context.SpringBootTestContextBootstrapper   Found @SpringBootConfiguration com.gms.GrievanceManagementApplication for test class com.gms.controller.UserControllerTest 
2023-08-25 16:27:50  INFO    org.hibernate.validator.internal.util.Version   HV000001: Hibernate Validator 8.0.1.Final 
2023-08-25 16:27:53  INFO    org.springframework.boot.StartupInfoLogger   Starting UserControllerTest using Java 17.0.7 with PID 23336 (started by rohit in C:\Users\rohit\Music\rohit-rajput-assignment\GrievanceManagement) 
2023-08-25 16:27:53  INFO    org.springframework.boot.SpringApplication   No active profile set, falling back to 1 default profile: "default" 
2023-08-25 16:28:20  INFO    org.springframework.mock.web.MockServletContext   Initializing Spring TestDispatcherServlet '' 
2023-08-25 16:28:20  INFO    org.springframework.web.servlet.FrameworkServlet   Initializing Servlet '' 
2023-08-25 16:28:20  INFO    org.springframework.web.servlet.FrameworkServlet   Completed initialization in 0 ms 
2023-08-25 16:28:20  INFO    org.springframework.boot.StartupInfoLogger   Started UserControllerTest in 38.692 seconds (process running for 50.373) 
2023-08-25 16:28:22  INFO    com.gms.controller.UserController   request for login 
2023-08-25 16:28:23  INFO    com.gms.controller.UserController   request for login 
2023-08-25 16:28:23  INFO    org.springframework.test.context.support.AnnotationConfigContextLoaderUtils   Could not detect default configuration classes for test class [com.gms.GrievanceManagementApplicationTests]: GrievanceManagementApplicationTests does not declare any static, non-private, non-final, nested classes annotated with @Configuration. 
2023-08-25 16:28:23  INFO    org.springframework.boot.test.context.SpringBootTestContextBootstrapper   Found @SpringBootConfiguration com.gms.GrievanceManagementApplication for test class com.gms.GrievanceManagementApplicationTests 
2023-08-25 16:28:23  INFO    org.springframework.boot.StartupInfoLogger   Starting GrievanceManagementApplicationTests using Java 17.0.7 with PID 23336 (started by rohit in C:\Users\rohit\Music\rohit-rajput-assignment\GrievanceManagement) 
2023-08-25 16:28:23  INFO    org.springframework.boot.SpringApplication   No active profile set, falling back to 1 default profile: "default" 
2023-08-25 16:28:29  INFO    org.springframework.data.repository.config.RepositoryConfigurationDelegate   Bootstrapping Spring Data JPA repositories in DEFAULT mode. 
2023-08-25 16:28:30  INFO    org.springframework.data.repository.config.RepositoryConfigurationDelegate   Finished Spring Data repository scanning in 1452 ms. Found 4 JPA repository interfaces. 
2023-08-25 16:28:35  INFO    org.hibernate.jpa.internal.util.LogHelper   HHH000204: Processing PersistenceUnitInfo [name: default] 
2023-08-25 16:28:36  INFO    org.hibernate.Version   HHH000412: Hibernate ORM core version 6.2.6.Final 
2023-08-25 16:28:36  INFO    org.hibernate.cfg.Environment   HHH000406: Using bytecode reflection optimizer 
2023-08-25 16:28:36  INFO    org.hibernate.bytecode.internal.BytecodeProviderInitiator   HHH000021: Bytecode provider name : bytebuddy 
2023-08-25 16:28:36  INFO    org.springframework.orm.jpa.persistenceunit.SpringPersistenceUnitInfo   No LoadTimeWeaver setup: ignoring JPA class transformer 
2023-08-25 16:28:36  INFO    com.zaxxer.hikari.HikariDataSource   gms - Starting... 
2023-08-25 16:28:37  INFO    com.zaxxer.hikari.pool.HikariPool   gms - Added connection org.postgresql.jdbc.PgConnection@787aa9f1 
2023-08-25 16:28:37  INFO    com.zaxxer.hikari.HikariDataSource   gms - Start completed. 
2023-08-25 16:28:39  INFO    org.hibernate.bytecode.internal.BytecodeProviderInitiator   HHH000021: Bytecode provider name : bytebuddy 
2023-08-25 16:28:40  INFO    org.hibernate.engine.transaction.jta.platform.internal.JtaPlatformInitiator   HHH000490: Using JtaPlatform implementation: [org.hibernate.engine.transaction.jta.platform.internal.NoJtaPlatform] 
2023-08-25 16:28:41  INFO    org.springframework.orm.jpa.AbstractEntityManagerFactoryBean   Initialized JPA EntityManagerFactory for persistence unit 'default' 
2023-08-25 16:28:47  WARN    org.springframework.boot.autoconfigure.orm.jpa.JpaBaseConfiguration$JpaWebConfiguration   spring.jpa.open-in-view is enabled by default. Therefore, database queries may be performed during view rendering. Explicitly configure spring.jpa.open-in-view to disable this warning 
2023-08-25 16:28:48  INFO    org.springframework.boot.StartupInfoLogger   Started GrievanceManagementApplicationTests in 24.757 seconds (process running for 78.104) 
2023-08-25 16:28:48  ERROR   com.gms.serviceImpl.UserServiceImpl   bad credential for login 
2023-08-25 16:28:48  INFO    com.gms.serviceImpl.UserServiceImpl   user is present 
2023-08-25 16:28:50  INFO    org.springframework.orm.jpa.AbstractEntityManagerFactoryBean   Closing JPA EntityManagerFactory for persistence unit 'default' 
2023-08-25 16:28:50  INFO    com.zaxxer.hikari.HikariDataSource   gms - Shutdown initiated... 
2023-08-25 16:28:50  INFO    com.zaxxer.hikari.HikariDataSource   gms - Shutdown completed. 
2023-08-25 16:56:53  INFO    org.springframework.test.context.support.AnnotationConfigContextLoaderUtils   Could not detect default configuration classes for test class [com.gms.controller.UserControllerTest]: UserControllerTest does not declare any static, non-private, non-final, nested classes annotated with @Configuration. 
2023-08-25 16:56:55  INFO    org.springframework.boot.test.context.SpringBootTestContextBootstrapper   Found @SpringBootConfiguration com.gms.GrievanceManagementApplication for test class com.gms.controller.UserControllerTest 
2023-08-25 16:57:05  INFO    org.hibernate.validator.internal.util.Version   HV000001: Hibernate Validator 8.0.1.Final 
2023-08-25 16:57:07  INFO    org.springframework.boot.StartupInfoLogger   Starting UserControllerTest using Java 17.0.7 with PID 3848 (started by rohit in C:\Users\rohit\Music\rohit-rajput-assignment\GrievanceManagement) 
2023-08-25 16:57:07  INFO    org.springframework.boot.SpringApplication   No active profile set, falling back to 1 default profile: "default" 
2023-08-25 16:57:32  INFO    org.springframework.mock.web.MockServletContext   Initializing Spring TestDispatcherServlet '' 
2023-08-25 16:57:32  INFO    org.springframework.web.servlet.FrameworkServlet   Initializing Servlet '' 
2023-08-25 16:57:32  INFO    org.springframework.web.servlet.FrameworkServlet   Completed initialization in 0 ms 
2023-08-25 16:57:32  INFO    org.springframework.boot.StartupInfoLogger   Started UserControllerTest in 34.037 seconds (process running for 44.474) 
2023-08-25 16:57:35  INFO    com.gms.controller.UserController   request for login 
2023-08-25 16:57:36  INFO    com.gms.controller.UserController   request for login 
2023-08-25 16:57:36  INFO    org.springframework.test.context.support.AnnotationConfigContextLoaderUtils   Could not detect default configuration classes for test class [com.gms.GrievanceManagementApplicationTests]: GrievanceManagementApplicationTests does not declare any static, non-private, non-final, nested classes annotated with @Configuration. 
2023-08-25 16:57:36  INFO    org.springframework.boot.test.context.SpringBootTestContextBootstrapper   Found @SpringBootConfiguration com.gms.GrievanceManagementApplication for test class com.gms.GrievanceManagementApplicationTests 
2023-08-25 16:57:36  INFO    org.springframework.boot.StartupInfoLogger   Starting GrievanceManagementApplicationTests using Java 17.0.7 with PID 3848 (started by rohit in C:\Users\rohit\Music\rohit-rajput-assignment\GrievanceManagement) 
2023-08-25 16:57:36  INFO    org.springframework.boot.SpringApplication   No active profile set, falling back to 1 default profile: "default" 
2023-08-25 16:57:40  INFO    org.springframework.data.repository.config.RepositoryConfigurationDelegate   Bootstrapping Spring Data JPA repositories in DEFAULT mode. 
2023-08-25 16:57:42  INFO    org.springframework.data.repository.config.RepositoryConfigurationDelegate   Finished Spring Data repository scanning in 1502 ms. Found 4 JPA repository interfaces. 
2023-08-25 16:57:46  INFO    org.hibernate.jpa.internal.util.LogHelper   HHH000204: Processing PersistenceUnitInfo [name: default] 
2023-08-25 16:57:46  INFO    org.hibernate.Version   HHH000412: Hibernate ORM core version 6.2.6.Final 
2023-08-25 16:57:46  INFO    org.hibernate.cfg.Environment   HHH000406: Using bytecode reflection optimizer 
2023-08-25 16:57:47  INFO    org.hibernate.bytecode.internal.BytecodeProviderInitiator   HHH000021: Bytecode provider name : bytebuddy 
2023-08-25 16:57:47  INFO    org.springframework.orm.jpa.persistenceunit.SpringPersistenceUnitInfo   No LoadTimeWeaver setup: ignoring JPA class transformer 
2023-08-25 16:57:47  INFO    com.zaxxer.hikari.HikariDataSource   gms - Starting... 
2023-08-25 16:57:48  INFO    com.zaxxer.hikari.pool.HikariPool   gms - Added connection org.postgresql.jdbc.PgConnection@721e04f1 
2023-08-25 16:57:48  INFO    com.zaxxer.hikari.HikariDataSource   gms - Start completed. 
2023-08-25 16:57:49  INFO    org.hibernate.bytecode.internal.BytecodeProviderInitiator   HHH000021: Bytecode provider name : bytebuddy 
2023-08-25 16:57:51  INFO    org.hibernate.engine.transaction.jta.platform.internal.JtaPlatformInitiator   HHH000490: Using JtaPlatform implementation: [org.hibernate.engine.transaction.jta.platform.internal.NoJtaPlatform] 
2023-08-25 16:57:51  INFO    org.springframework.orm.jpa.AbstractEntityManagerFactoryBean   Initialized JPA EntityManagerFactory for persistence unit 'default' 
2023-08-25 16:57:57  WARN    org.springframework.boot.autoconfigure.orm.jpa.JpaBaseConfiguration$JpaWebConfiguration   spring.jpa.open-in-view is enabled by default. Therefore, database queries may be performed during view rendering. Explicitly configure spring.jpa.open-in-view to disable this warning 
2023-08-25 16:57:58  INFO    org.springframework.boot.StartupInfoLogger   Started GrievanceManagementApplicationTests in 22.088 seconds (process running for 70.798) 
2023-08-25 16:57:58  ERROR   com.gms.serviceImpl.UserServiceImpl   bad credential for login 
2023-08-25 16:57:58  INFO    com.gms.serviceImpl.UserServiceImpl   user is present 
2023-08-25 16:57:59  INFO    org.springframework.orm.jpa.AbstractEntityManagerFactoryBean   Closing JPA EntityManagerFactory for persistence unit 'default' 
2023-08-25 16:58:00  INFO    com.zaxxer.hikari.HikariDataSource   gms - Shutdown initiated... 
2023-08-25 16:58:00  INFO    com.zaxxer.hikari.HikariDataSource   gms - Shutdown completed. 
2023-08-25 16:58:57  INFO    org.springframework.test.context.support.AnnotationConfigContextLoaderUtils   Could not detect default configuration classes for test class [com.gms.controller.UserControllerTest]: UserControllerTest does not declare any static, non-private, non-final, nested classes annotated with @Configuration. 
2023-08-25 16:58:59  INFO    org.springframework.boot.test.context.SpringBootTestContextBootstrapper   Found @SpringBootConfiguration com.gms.GrievanceManagementApplication for test class com.gms.controller.UserControllerTest 
2023-08-25 16:59:08  INFO    org.hibernate.validator.internal.util.Version   HV000001: Hibernate Validator 8.0.1.Final 
2023-08-25 16:59:10  INFO    org.springframework.boot.StartupInfoLogger   Starting UserControllerTest using Java 17.0.7 with PID 24948 (started by rohit in C:\Users\rohit\Music\rohit-rajput-assignment\GrievanceManagement) 
2023-08-25 16:59:10  INFO    org.springframework.boot.SpringApplication   No active profile set, falling back to 1 default profile: "default" 
2023-08-25 16:59:33  INFO    org.springframework.mock.web.MockServletContext   Initializing Spring TestDispatcherServlet '' 
2023-08-25 16:59:33  INFO    org.springframework.web.servlet.FrameworkServlet   Initializing Servlet '' 
2023-08-25 16:59:33  INFO    org.springframework.web.servlet.FrameworkServlet   Completed initialization in 0 ms 
2023-08-25 16:59:33  INFO    org.springframework.boot.StartupInfoLogger   Started UserControllerTest in 32.032 seconds (process running for 41.811) 
2023-08-25 16:59:36  INFO    com.gms.controller.UserController   request for login 
2023-08-25 16:59:37  INFO    com.gms.controller.UserController   request for login 
2023-08-25 16:59:37  INFO    org.springframework.test.context.support.AnnotationConfigContextLoaderUtils   Could not detect default configuration classes for test class [com.gms.GrievanceManagementApplicationTests]: GrievanceManagementApplicationTests does not declare any static, non-private, non-final, nested classes annotated with @Configuration. 
2023-08-25 16:59:37  INFO    org.springframework.boot.test.context.SpringBootTestContextBootstrapper   Found @SpringBootConfiguration com.gms.GrievanceManagementApplication for test class com.gms.GrievanceManagementApplicationTests 
2023-08-25 16:59:37  INFO    org.springframework.boot.StartupInfoLogger   Starting GrievanceManagementApplicationTests using Java 17.0.7 with PID 24948 (started by rohit in C:\Users\rohit\Music\rohit-rajput-assignment\GrievanceManagement) 
2023-08-25 16:59:37  INFO    org.springframework.boot.SpringApplication   No active profile set, falling back to 1 default profile: "default" 
2023-08-25 16:59:41  INFO    org.springframework.data.repository.config.RepositoryConfigurationDelegate   Bootstrapping Spring Data JPA repositories in DEFAULT mode. 
2023-08-25 16:59:42  INFO    org.springframework.data.repository.config.RepositoryConfigurationDelegate   Finished Spring Data repository scanning in 1313 ms. Found 4 JPA repository interfaces. 
2023-08-25 16:59:47  INFO    org.hibernate.jpa.internal.util.LogHelper   HHH000204: Processing PersistenceUnitInfo [name: default] 
2023-08-25 16:59:47  INFO    org.hibernate.Version   HHH000412: Hibernate ORM core version 6.2.6.Final 
2023-08-25 16:59:47  INFO    org.hibernate.cfg.Environment   HHH000406: Using bytecode reflection optimizer 
2023-08-25 16:59:47  INFO    org.hibernate.bytecode.internal.BytecodeProviderInitiator   HHH000021: Bytecode provider name : bytebuddy 
2023-08-25 16:59:47  INFO    org.springframework.orm.jpa.persistenceunit.SpringPersistenceUnitInfo   No LoadTimeWeaver setup: ignoring JPA class transformer 
2023-08-25 16:59:47  INFO    com.zaxxer.hikari.HikariDataSource   gms - Starting... 
2023-08-25 16:59:48  INFO    com.zaxxer.hikari.pool.HikariPool   gms - Added connection org.postgresql.jdbc.PgConnection@1997784a 
2023-08-25 16:59:48  INFO    com.zaxxer.hikari.HikariDataSource   gms - Start completed. 
2023-08-25 16:59:50  INFO    org.hibernate.bytecode.internal.BytecodeProviderInitiator   HHH000021: Bytecode provider name : bytebuddy 
2023-08-25 16:59:51  INFO    org.hibernate.engine.transaction.jta.platform.internal.JtaPlatformInitiator   HHH000490: Using JtaPlatform implementation: [org.hibernate.engine.transaction.jta.platform.internal.NoJtaPlatform] 
2023-08-25 16:59:51  INFO    org.springframework.orm.jpa.AbstractEntityManagerFactoryBean   Initialized JPA EntityManagerFactory for persistence unit 'default' 
2023-08-25 16:59:58  WARN    org.springframework.boot.autoconfigure.orm.jpa.JpaBaseConfiguration$JpaWebConfiguration   spring.jpa.open-in-view is enabled by default. Therefore, database queries may be performed during view rendering. Explicitly configure spring.jpa.open-in-view to disable this warning 
2023-08-25 16:59:58  INFO    org.springframework.boot.StartupInfoLogger   Started GrievanceManagementApplicationTests in 21.319 seconds (process running for 67.007) 
2023-08-25 16:59:59  ERROR   com.gms.serviceImpl.UserServiceImpl   bad credential for login 
2023-08-25 16:59:59  INFO    com.gms.serviceImpl.UserServiceImpl   user is present 
2023-08-25 17:00:00  INFO    org.springframework.orm.jpa.AbstractEntityManagerFactoryBean   Closing JPA EntityManagerFactory for persistence unit 'default' 
2023-08-25 17:00:00  INFO    com.zaxxer.hikari.HikariDataSource   gms - Shutdown initiated... 
2023-08-25 17:00:00  INFO    com.zaxxer.hikari.HikariDataSource   gms - Shutdown completed. 
